{"message": "Creating Flask app in production mode", "timestamp": "2025-11-08T07:36:56.792430", "level": "INFO", "logger": "ms_ml_despacho"}
{"message": "Routes not yet fully implemented: attempted relative import beyond top-level package", "timestamp": "2025-11-08T07:36:56.800052", "level": "WARNING", "logger": "ms_ml_despacho"}
{"message": "Starting Flask server on 0.0.0.0:5000", "timestamp": "2025-11-08T07:36:56.801791", "level": "INFO", "logger": "ms_ml_despacho"}
{"message": "Creating Flask app in production mode", "timestamp": "2025-11-08T07:43:19.063550", "level": "INFO", "logger": "ms_ml_despacho"}
{"message": "Routes not yet fully implemented: attempted relative import beyond top-level package", "timestamp": "2025-11-08T07:43:19.064892", "level": "WARNING", "logger": "ms_ml_despacho"}
{"message": "Starting Flask server on 0.0.0.0:5000", "timestamp": "2025-11-08T07:43:19.069148", "level": "INFO", "logger": "ms_ml_despacho"}
{"message": "Creating Flask app in production mode", "timestamp": "2025-11-10T01:04:56.606511", "level": "INFO", "logger": "ms_ml_despacho"}
{"message": "Routes not yet fully implemented: attempted relative import beyond top-level package", "timestamp": "2025-11-10T01:04:56.610040", "level": "WARNING", "logger": "ms_ml_despacho"}
{"message": "Starting Flask server on 0.0.0.0:5000", "timestamp": "2025-11-10T01:04:56.611663", "level": "INFO", "logger": "ms_ml_despacho"}
{"message": "Creating Flask app in production mode", "timestamp": "2025-11-10T05:50:00.768284", "level": "INFO", "logger": "ms_ml_despacho"}
{"message": "Routes not yet fully implemented: attempted relative import beyond top-level package", "timestamp": "2025-11-10T05:50:00.770696", "level": "WARNING", "logger": "ms_ml_despacho"}
{"message": "Starting Flask server on 0.0.0.0:5000", "timestamp": "2025-11-10T05:50:00.775295", "level": "INFO", "logger": "ms_ml_despacho"}
{"message": "Creating Flask app in production mode", "timestamp": "2025-11-10T06:48:49.832702", "level": "INFO", "logger": "ms_ml_despacho"}
{"message": "Routes not yet fully implemented: attempted relative import beyond top-level package", "timestamp": "2025-11-10T06:48:49.834496", "level": "WARNING", "logger": "ms_ml_despacho"}
{"message": "Starting Flask server on 0.0.0.0:5000", "timestamp": "2025-11-10T06:48:49.836316", "level": "INFO", "logger": "ms_ml_despacho"}
{"message": "Creating Flask app in production mode", "timestamp": "2025-11-10T06:56:22.594747", "level": "INFO", "logger": "ms_ml_despacho"}
{"message": "Routes not yet fully implemented: attempted relative import beyond top-level package", "timestamp": "2025-11-10T06:56:22.609033", "level": "WARNING", "logger": "ms_ml_despacho"}
{"message": "Starting Flask server on 0.0.0.0:5000", "timestamp": "2025-11-10T06:56:22.633234", "level": "INFO", "logger": "ms_ml_despacho"}
{"message": "Creating Flask app in production mode", "timestamp": "2025-11-10T12:32:35.221858", "level": "INFO", "logger": "ms_ml_despacho"}
{"message": "Routes not yet fully implemented: attempted relative import beyond top-level package", "timestamp": "2025-11-10T12:32:35.225259", "level": "WARNING", "logger": "ms_ml_despacho"}
{"message": "Starting Flask server on 0.0.0.0:5000", "timestamp": "2025-11-10T12:32:35.226418", "level": "INFO", "logger": "ms_ml_despacho"}
{"message": "Creating Flask app in production mode", "timestamp": "2025-11-10T17:35:54.404307", "level": "INFO", "logger": "ms_ml_despacho"}
{"message": "Routes not yet fully implemented: attempted relative import beyond top-level package", "timestamp": "2025-11-10T17:35:54.407783", "level": "WARNING", "logger": "ms_ml_despacho"}
{"message": "Starting Flask server on 0.0.0.0:5000", "timestamp": "2025-11-10T17:35:54.409327", "level": "INFO", "logger": "ms_ml_despacho"}
{"message": "Creating Flask app in production mode", "timestamp": "2025-11-10T23:54:03.108788", "level": "INFO", "logger": "ms_ml_despacho"}
{"message": "Routes not yet fully implemented: attempted relative import beyond top-level package", "timestamp": "2025-11-10T23:54:03.110682", "level": "WARNING", "logger": "ms_ml_despacho"}
{"message": "Starting Flask server on 0.0.0.0:5000", "timestamp": "2025-11-10T23:54:03.111970", "level": "INFO", "logger": "ms_ml_despacho"}
{"message": "Creating Flask app in production mode", "timestamp": "2025-11-11T03:18:37.783571", "level": "INFO", "logger": "ms_ml_despacho"}
{"message": "Routes not yet fully implemented: attempted relative import beyond top-level package", "timestamp": "2025-11-11T03:18:37.784626", "level": "WARNING", "logger": "ms_ml_despacho"}
{"message": "Starting Flask server on 0.0.0.0:5000", "timestamp": "2025-11-11T03:18:37.785666", "level": "INFO", "logger": "ms_ml_despacho"}
{"message": "Creating Flask app in production mode", "timestamp": "2025-11-11T03:21:59.187084", "level": "INFO", "logger": "ms_ml_despacho"}
{"message": "Routes not yet fully implemented: attempted relative import beyond top-level package", "timestamp": "2025-11-11T03:21:59.188175", "level": "WARNING", "logger": "ms_ml_despacho"}
{"message": "Starting Flask server on 0.0.0.0:5000", "timestamp": "2025-11-11T03:21:59.189000", "level": "INFO", "logger": "ms_ml_despacho"}
{"message": "Creating Flask app in production mode", "timestamp": "2025-11-11T03:24:26.875865", "level": "INFO", "logger": "ms_ml_despacho"}
{"message": "Routes not yet fully implemented: attempted relative import beyond top-level package", "timestamp": "2025-11-11T03:24:26.876939", "level": "WARNING", "logger": "ms_ml_despacho"}
{"message": "Starting Flask server on 0.0.0.0:5000", "timestamp": "2025-11-11T03:24:26.877857", "level": "INFO", "logger": "ms_ml_despacho"}
{"message": "Creating Flask app in production mode", "timestamp": "2025-11-11T03:27:04.126058", "level": "INFO", "logger": "ms_ml_despacho"}
{"message": "Routes not yet fully implemented: attempted relative import beyond top-level package", "timestamp": "2025-11-11T03:27:04.127086", "level": "WARNING", "logger": "ms_ml_despacho"}
{"message": "Starting Flask server on 0.0.0.0:5000", "timestamp": "2025-11-11T03:27:04.127992", "level": "INFO", "logger": "ms_ml_despacho"}
{"message": "Creating Flask app in production mode", "timestamp": "2025-11-11T03:30:52.324874", "level": "INFO", "logger": "ms_ml_despacho"}
{"message": "Registering Dispatch Assignment routes...", "timestamp": "2025-11-11T03:30:52.325226", "level": "INFO", "logger": "ms_ml_despacho"}
{"message": "\u2717 Could not register dispatch assignment routes: attempted relative import beyond top-level package", "timestamp": "2025-11-11T03:30:52.329836", "level": "ERROR", "logger": "ms_ml_despacho"}
{"message": "Attempting to register original services...", "timestamp": "2025-11-11T03:30:52.330084", "level": "INFO", "logger": "ms_ml_despacho"}
{"message": "\u26a0 Some original services not available: attempted relative import beyond top-level package", "timestamp": "2025-11-11T03:30:52.330901", "level": "WARNING", "logger": "ms_ml_despacho"}
{"message": "\u2550\u2550\u2550\u2550\u2550\u2550\u2550\u2550\u2550\u2550\u2550\u2550\u2550\u2550\u2550\u2550\u2550\u2550\u2550\u2550\u2550\u2550\u2550\u2550\u2550\u2550\u2550\u2550\u2550\u2550\u2550\u2550\u2550\u2550\u2550\u2550\u2550\u2550\u2550\u2550\u2550\u2550\u2550\u2550\u2550\u2550\u2550\u2550\u2550\u2550\u2550\u2550\u2550\u2550\u2550", "timestamp": "2025-11-11T03:30:52.331089", "level": "INFO", "logger": "ms_ml_despacho"}
{"message": "Routes registered successfully", "timestamp": "2025-11-11T03:30:52.331207", "level": "INFO", "logger": "ms_ml_despacho"}
{"message": "\u2713 Dispatch Assignment API available at /api/v1/dispatch", "timestamp": "2025-11-11T03:30:52.331322", "level": "INFO", "logger": "ms_ml_despacho"}
{"message": "\u2713 Health check at /api/v1/dispatch/health", "timestamp": "2025-11-11T03:30:52.331478", "level": "INFO", "logger": "ms_ml_despacho"}
{"message": "\u2550\u2550\u2550\u2550\u2550\u2550\u2550\u2550\u2550\u2550\u2550\u2550\u2550\u2550\u2550\u2550\u2550\u2550\u2550\u2550\u2550\u2550\u2550\u2550\u2550\u2550\u2550\u2550\u2550\u2550\u2550\u2550\u2550\u2550\u2550\u2550\u2550\u2550\u2550\u2550\u2550\u2550\u2550\u2550\u2550\u2550\u2550\u2550\u2550\u2550\u2550\u2550\u2550\u2550\u2550", "timestamp": "2025-11-11T03:30:52.331776", "level": "INFO", "logger": "ms_ml_despacho"}
{"message": "Starting Flask server on 0.0.0.0:5000", "timestamp": "2025-11-11T03:30:52.332834", "level": "INFO", "logger": "ms_ml_despacho"}
{"message": "Creating Flask app in production mode", "timestamp": "2025-11-11T03:32:54.011905", "level": "INFO", "logger": "ms_ml_despacho"}
{"message": "Registering Dispatch Assignment routes...", "timestamp": "2025-11-11T03:32:54.012412", "level": "INFO", "logger": "ms_ml_despacho"}
{"message": "\u2717 Could not register dispatch assignment routes: attempted relative import beyond top-level package", "timestamp": "2025-11-11T03:32:54.013748", "level": "ERROR", "logger": "ms_ml_despacho"}
{"message": "Attempting to register original services...", "timestamp": "2025-11-11T03:32:54.014121", "level": "INFO", "logger": "ms_ml_despacho"}
{"message": "\u26a0 Some original services not available: attempted relative import beyond top-level package", "timestamp": "2025-11-11T03:32:54.015482", "level": "WARNING", "logger": "ms_ml_despacho"}
{"message": "\u2550\u2550\u2550\u2550\u2550\u2550\u2550\u2550\u2550\u2550\u2550\u2550\u2550\u2550\u2550\u2550\u2550\u2550\u2550\u2550\u2550\u2550\u2550\u2550\u2550\u2550\u2550\u2550\u2550\u2550\u2550\u2550\u2550\u2550\u2550\u2550\u2550\u2550\u2550\u2550\u2550\u2550\u2550\u2550\u2550\u2550\u2550\u2550\u2550\u2550\u2550\u2550\u2550\u2550\u2550", "timestamp": "2025-11-11T03:32:54.015805", "level": "INFO", "logger": "ms_ml_despacho"}
{"message": "Routes registered successfully", "timestamp": "2025-11-11T03:32:54.016005", "level": "INFO", "logger": "ms_ml_despacho"}
{"message": "\u2713 Dispatch Assignment API available at /api/v1/dispatch", "timestamp": "2025-11-11T03:32:54.016186", "level": "INFO", "logger": "ms_ml_despacho"}
{"message": "\u2713 Health check at /api/v1/dispatch/health", "timestamp": "2025-11-11T03:32:54.016366", "level": "INFO", "logger": "ms_ml_despacho"}
{"message": "\u2550\u2550\u2550\u2550\u2550\u2550\u2550\u2550\u2550\u2550\u2550\u2550\u2550\u2550\u2550\u2550\u2550\u2550\u2550\u2550\u2550\u2550\u2550\u2550\u2550\u2550\u2550\u2550\u2550\u2550\u2550\u2550\u2550\u2550\u2550\u2550\u2550\u2550\u2550\u2550\u2550\u2550\u2550\u2550\u2550\u2550\u2550\u2550\u2550\u2550\u2550\u2550\u2550\u2550\u2550", "timestamp": "2025-11-11T03:32:54.016562", "level": "INFO", "logger": "ms_ml_despacho"}
{"message": "Starting Flask server on 0.0.0.0:5000", "timestamp": "2025-11-11T03:32:54.017969", "level": "INFO", "logger": "ms_ml_despacho"}
{"message": "Creating Flask app in production mode", "timestamp": "2025-11-11T03:34:40.297191", "level": "INFO", "logger": "ms_ml_despacho"}
{"message": "Registering Dispatch Assignment routes...", "timestamp": "2025-11-11T03:34:40.297558", "level": "INFO", "logger": "ms_ml_despacho"}
{"message": "\u2717 Could not register dispatch assignment routes: attempted relative import beyond top-level package", "timestamp": "2025-11-11T03:34:40.298462", "level": "ERROR", "logger": "ms_ml_despacho"}
{"message": "Traceback: Traceback (most recent call last):\n  File \"D:\\SWII\\micro_servicios\\ms_ml_despacho\\src\\main.py\", line 104, in register_routes\n    from api.dispatch_simple import dispatch_assignment_bp\n  File \"D:\\SWII\\micro_servicios\\ms_ml_despacho\\src\\api\\__init__.py\", line 6, in <module>\n    from .rest_routes import create_rest_routes\n  File \"D:\\SWII\\micro_servicios\\ms_ml_despacho\\src\\api\\rest_routes.py\", line 9, in <module>\n    from ..config.logger import LoggerMixin\nImportError: attempted relative import beyond top-level package\n", "timestamp": "2025-11-11T03:34:40.299688", "level": "ERROR", "logger": "ms_ml_despacho"}
{"message": "Attempting to register original services...", "timestamp": "2025-11-11T03:34:40.303359", "level": "INFO", "logger": "ms_ml_despacho"}
{"message": "\u26a0 Some original services not available: attempted relative import beyond top-level package", "timestamp": "2025-11-11T03:34:40.304722", "level": "WARNING", "logger": "ms_ml_despacho"}
{"message": "\u2550\u2550\u2550\u2550\u2550\u2550\u2550\u2550\u2550\u2550\u2550\u2550\u2550\u2550\u2550\u2550\u2550\u2550\u2550\u2550\u2550\u2550\u2550\u2550\u2550\u2550\u2550\u2550\u2550\u2550\u2550\u2550\u2550\u2550\u2550\u2550\u2550\u2550\u2550\u2550\u2550\u2550\u2550\u2550\u2550\u2550\u2550\u2550\u2550\u2550\u2550\u2550\u2550\u2550\u2550", "timestamp": "2025-11-11T03:34:40.306240", "level": "INFO", "logger": "ms_ml_despacho"}
{"message": "Routes registered successfully", "timestamp": "2025-11-11T03:34:40.306595", "level": "INFO", "logger": "ms_ml_despacho"}
{"message": "\u2713 Dispatch Assignment API available at /api/v1/dispatch", "timestamp": "2025-11-11T03:34:40.306783", "level": "INFO", "logger": "ms_ml_despacho"}
{"message": "\u2713 Health check at /api/v1/dispatch/health", "timestamp": "2025-11-11T03:34:40.307005", "level": "INFO", "logger": "ms_ml_despacho"}
{"message": "\u2550\u2550\u2550\u2550\u2550\u2550\u2550\u2550\u2550\u2550\u2550\u2550\u2550\u2550\u2550\u2550\u2550\u2550\u2550\u2550\u2550\u2550\u2550\u2550\u2550\u2550\u2550\u2550\u2550\u2550\u2550\u2550\u2550\u2550\u2550\u2550\u2550\u2550\u2550\u2550\u2550\u2550\u2550\u2550\u2550\u2550\u2550\u2550\u2550\u2550\u2550\u2550\u2550\u2550\u2550", "timestamp": "2025-11-11T03:34:40.307339", "level": "INFO", "logger": "ms_ml_despacho"}
{"message": "Starting Flask server on 0.0.0.0:5000", "timestamp": "2025-11-11T03:34:40.308244", "level": "INFO", "logger": "ms_ml_despacho"}
{"message": "Creating Flask app in production mode", "timestamp": "2025-11-11T03:37:29.833128", "level": "INFO", "logger": "ms_ml_despacho"}
{"message": "Registering Dispatch Assignment routes...", "timestamp": "2025-11-11T03:37:29.833362", "level": "INFO", "logger": "ms_ml_despacho"}
{"message": "\u2717 Could not register dispatch assignment routes: attempted relative import beyond top-level package", "timestamp": "2025-11-11T03:37:29.834159", "level": "ERROR", "logger": "ms_ml_despacho"}
{"message": "Traceback: Traceback (most recent call last):\n  File \"D:\\SWII\\micro_servicios\\ms_ml_despacho\\src\\main.py\", line 104, in register_routes\n    from api.dispatch_simple import dispatch_assignment_bp\n  File \"D:\\SWII\\micro_servicios\\ms_ml_despacho\\src\\api\\__init__.py\", line 6, in <module>\n    from .rest_routes import create_rest_routes\n  File \"D:\\SWII\\micro_servicios\\ms_ml_despacho\\src\\api\\rest_routes.py\", line 9, in <module>\n    from ..config.logger import LoggerMixin\nImportError: attempted relative import beyond top-level package\n", "timestamp": "2025-11-11T03:37:29.835124", "level": "ERROR", "logger": "ms_ml_despacho"}
{"message": "Attempting to register original services...", "timestamp": "2025-11-11T03:37:29.835290", "level": "INFO", "logger": "ms_ml_despacho"}
{"message": "\u26a0 Some original services not available: attempted relative import beyond top-level package", "timestamp": "2025-11-11T03:37:29.836013", "level": "WARNING", "logger": "ms_ml_despacho"}
{"message": "\u2550\u2550\u2550\u2550\u2550\u2550\u2550\u2550\u2550\u2550\u2550\u2550\u2550\u2550\u2550\u2550\u2550\u2550\u2550\u2550\u2550\u2550\u2550\u2550\u2550\u2550\u2550\u2550\u2550\u2550\u2550\u2550\u2550\u2550\u2550\u2550\u2550\u2550\u2550\u2550\u2550\u2550\u2550\u2550\u2550\u2550\u2550\u2550\u2550\u2550\u2550\u2550\u2550\u2550\u2550", "timestamp": "2025-11-11T03:37:29.836098", "level": "INFO", "logger": "ms_ml_despacho"}
{"message": "Routes registered successfully", "timestamp": "2025-11-11T03:37:29.836156", "level": "INFO", "logger": "ms_ml_despacho"}
{"message": "\u2713 Dispatch Assignment API available at /api/v1/dispatch", "timestamp": "2025-11-11T03:37:29.836208", "level": "INFO", "logger": "ms_ml_despacho"}
{"message": "\u2713 Health check at /api/v1/dispatch/health", "timestamp": "2025-11-11T03:37:29.836258", "level": "INFO", "logger": "ms_ml_despacho"}
{"message": "\u2550\u2550\u2550\u2550\u2550\u2550\u2550\u2550\u2550\u2550\u2550\u2550\u2550\u2550\u2550\u2550\u2550\u2550\u2550\u2550\u2550\u2550\u2550\u2550\u2550\u2550\u2550\u2550\u2550\u2550\u2550\u2550\u2550\u2550\u2550\u2550\u2550\u2550\u2550\u2550\u2550\u2550\u2550\u2550\u2550\u2550\u2550\u2550\u2550\u2550\u2550\u2550\u2550\u2550\u2550", "timestamp": "2025-11-11T03:37:29.836311", "level": "INFO", "logger": "ms_ml_despacho"}
{"message": "Starting Flask server on 0.0.0.0:5000", "timestamp": "2025-11-11T03:37:29.837288", "level": "INFO", "logger": "ms_ml_despacho"}
{"message": "Creating Flask app in production mode", "timestamp": "2025-11-11T03:38:40.462606", "level": "INFO", "logger": "ms_ml_despacho"}
{"message": "Registering Dispatch Assignment routes...", "timestamp": "2025-11-11T03:38:40.462944", "level": "INFO", "logger": "ms_ml_despacho"}
{"message": "\u2717 Could not register dispatch assignment routes: attempted relative import beyond top-level package", "timestamp": "2025-11-11T03:38:40.463683", "level": "ERROR", "logger": "ms_ml_despacho"}
{"message": "Traceback: Traceback (most recent call last):\n  File \"D:\\SWII\\micro_servicios\\ms_ml_despacho\\src\\main.py\", line 104, in register_routes\n    from api.dispatch_simple import dispatch_assignment_bp\n  File \"D:\\SWII\\micro_servicios\\ms_ml_despacho\\src\\api\\__init__.py\", line 6, in <module>\n    from .rest_routes import create_rest_routes\n  File \"D:\\SWII\\micro_servicios\\ms_ml_despacho\\src\\api\\rest_routes.py\", line 9, in <module>\n    from ..config.logger import LoggerMixin\nImportError: attempted relative import beyond top-level package\n", "timestamp": "2025-11-11T03:38:40.464616", "level": "ERROR", "logger": "ms_ml_despacho"}
{"message": "Attempting to register original services...", "timestamp": "2025-11-11T03:38:40.464826", "level": "INFO", "logger": "ms_ml_despacho"}
{"message": "\u26a0 Some original services not available: attempted relative import beyond top-level package", "timestamp": "2025-11-11T03:38:40.465585", "level": "WARNING", "logger": "ms_ml_despacho"}
{"message": "\u2550\u2550\u2550\u2550\u2550\u2550\u2550\u2550\u2550\u2550\u2550\u2550\u2550\u2550\u2550\u2550\u2550\u2550\u2550\u2550\u2550\u2550\u2550\u2550\u2550\u2550\u2550\u2550\u2550\u2550\u2550\u2550\u2550\u2550\u2550\u2550\u2550\u2550\u2550\u2550\u2550\u2550\u2550\u2550\u2550\u2550\u2550\u2550\u2550\u2550\u2550\u2550\u2550\u2550\u2550", "timestamp": "2025-11-11T03:38:40.465790", "level": "INFO", "logger": "ms_ml_despacho"}
{"message": "Routes registered successfully", "timestamp": "2025-11-11T03:38:40.465932", "level": "INFO", "logger": "ms_ml_despacho"}
{"message": "\u2713 Dispatch Assignment API available at /api/v1/dispatch", "timestamp": "2025-11-11T03:38:40.466066", "level": "INFO", "logger": "ms_ml_despacho"}
{"message": "\u2713 Health check at /api/v1/dispatch/health", "timestamp": "2025-11-11T03:38:40.466200", "level": "INFO", "logger": "ms_ml_despacho"}
{"message": "\u2550\u2550\u2550\u2550\u2550\u2550\u2550\u2550\u2550\u2550\u2550\u2550\u2550\u2550\u2550\u2550\u2550\u2550\u2550\u2550\u2550\u2550\u2550\u2550\u2550\u2550\u2550\u2550\u2550\u2550\u2550\u2550\u2550\u2550\u2550\u2550\u2550\u2550\u2550\u2550\u2550\u2550\u2550\u2550\u2550\u2550\u2550\u2550\u2550\u2550\u2550\u2550\u2550\u2550\u2550", "timestamp": "2025-11-11T03:38:40.466350", "level": "INFO", "logger": "ms_ml_despacho"}
{"message": "Starting Flask server on 0.0.0.0:5000", "timestamp": "2025-11-11T03:38:40.467132", "level": "INFO", "logger": "ms_ml_despacho"}
{"message": "Creating Flask app in production mode", "timestamp": "2025-11-11T03:40:00.316673", "level": "INFO", "logger": "ms_ml_despacho"}
{"message": "Registering Dispatch Assignment routes...", "timestamp": "2025-11-11T03:40:00.317094", "level": "INFO", "logger": "ms_ml_despacho"}
{"message": "\u2717 Could not register dispatch assignment routes: attempted relative import beyond top-level package", "timestamp": "2025-11-11T03:40:00.317967", "level": "ERROR", "logger": "ms_ml_despacho"}
{"message": "Traceback: Traceback (most recent call last):\n  File \"D:\\SWII\\micro_servicios\\ms_ml_despacho\\src\\main.py\", line 104, in register_routes\n    from api.dispatch_simple import dispatch_assignment_bp\n  File \"D:\\SWII\\micro_servicios\\ms_ml_despacho\\src\\api\\__init__.py\", line 6, in <module>\n    from .rest_routes import create_rest_routes\n  File \"D:\\SWII\\micro_servicios\\ms_ml_despacho\\src\\api\\rest_routes.py\", line 9, in <module>\n    from ..config.logger import LoggerMixin\nImportError: attempted relative import beyond top-level package\n", "timestamp": "2025-11-11T03:40:00.319075", "level": "ERROR", "logger": "ms_ml_despacho"}
{"message": "Attempting to register original services...", "timestamp": "2025-11-11T03:40:00.319357", "level": "INFO", "logger": "ms_ml_despacho"}
{"message": "\u26a0 Some original services not available: attempted relative import beyond top-level package", "timestamp": "2025-11-11T03:40:00.320134", "level": "WARNING", "logger": "ms_ml_despacho"}
{"message": "\u2550\u2550\u2550\u2550\u2550\u2550\u2550\u2550\u2550\u2550\u2550\u2550\u2550\u2550\u2550\u2550\u2550\u2550\u2550\u2550\u2550\u2550\u2550\u2550\u2550\u2550\u2550\u2550\u2550\u2550\u2550\u2550\u2550\u2550\u2550\u2550\u2550\u2550\u2550\u2550\u2550\u2550\u2550\u2550\u2550\u2550\u2550\u2550\u2550\u2550\u2550\u2550\u2550\u2550\u2550", "timestamp": "2025-11-11T03:40:00.320418", "level": "INFO", "logger": "ms_ml_despacho"}
{"message": "Routes registered successfully", "timestamp": "2025-11-11T03:40:00.320596", "level": "INFO", "logger": "ms_ml_despacho"}
{"message": "\u2713 Dispatch Assignment API available at /api/v1/dispatch", "timestamp": "2025-11-11T03:40:00.320750", "level": "INFO", "logger": "ms_ml_despacho"}
{"message": "\u2713 Health check at /api/v1/dispatch/health", "timestamp": "2025-11-11T03:40:00.320906", "level": "INFO", "logger": "ms_ml_despacho"}
{"message": "\u2550\u2550\u2550\u2550\u2550\u2550\u2550\u2550\u2550\u2550\u2550\u2550\u2550\u2550\u2550\u2550\u2550\u2550\u2550\u2550\u2550\u2550\u2550\u2550\u2550\u2550\u2550\u2550\u2550\u2550\u2550\u2550\u2550\u2550\u2550\u2550\u2550\u2550\u2550\u2550\u2550\u2550\u2550\u2550\u2550\u2550\u2550\u2550\u2550\u2550\u2550\u2550\u2550\u2550\u2550", "timestamp": "2025-11-11T03:40:00.321071", "level": "INFO", "logger": "ms_ml_despacho"}
{"message": "Starting Flask server on 0.0.0.0:5000", "timestamp": "2025-11-11T03:40:00.322096", "level": "INFO", "logger": "ms_ml_despacho"}
{"message": "Creating Flask app in production mode", "timestamp": "2025-11-11T03:41:11.852444", "level": "INFO", "logger": "ms_ml_despacho"}
{"message": "Registering Dispatch Assignment routes...", "timestamp": "2025-11-11T03:41:11.852616", "level": "INFO", "logger": "ms_ml_despacho"}
{"message": "\u2713 Dispatch Assignment routes registered successfully", "timestamp": "2025-11-11T03:41:11.856180", "level": "INFO", "logger": "ms_ml_despacho"}
{"message": "Attempting to register original services...", "timestamp": "2025-11-11T03:41:11.856266", "level": "INFO", "logger": "ms_ml_despacho"}
{"message": "\u26a0 Some original services not available: attempted relative import beyond top-level package", "timestamp": "2025-11-11T03:41:11.857109", "level": "WARNING", "logger": "ms_ml_despacho"}
{"message": "\u2550\u2550\u2550\u2550\u2550\u2550\u2550\u2550\u2550\u2550\u2550\u2550\u2550\u2550\u2550\u2550\u2550\u2550\u2550\u2550\u2550\u2550\u2550\u2550\u2550\u2550\u2550\u2550\u2550\u2550\u2550\u2550\u2550\u2550\u2550\u2550\u2550\u2550\u2550\u2550\u2550\u2550\u2550\u2550\u2550\u2550\u2550\u2550\u2550\u2550\u2550\u2550\u2550\u2550\u2550", "timestamp": "2025-11-11T03:41:11.857201", "level": "INFO", "logger": "ms_ml_despacho"}
{"message": "Routes registered successfully", "timestamp": "2025-11-11T03:41:11.857262", "level": "INFO", "logger": "ms_ml_despacho"}
{"message": "\u2713 Dispatch Assignment API available at /api/v1/dispatch", "timestamp": "2025-11-11T03:41:11.857316", "level": "INFO", "logger": "ms_ml_despacho"}
{"message": "\u2713 Health check at /api/v1/dispatch/health", "timestamp": "2025-11-11T03:41:11.857370", "level": "INFO", "logger": "ms_ml_despacho"}
{"message": "\u2550\u2550\u2550\u2550\u2550\u2550\u2550\u2550\u2550\u2550\u2550\u2550\u2550\u2550\u2550\u2550\u2550\u2550\u2550\u2550\u2550\u2550\u2550\u2550\u2550\u2550\u2550\u2550\u2550\u2550\u2550\u2550\u2550\u2550\u2550\u2550\u2550\u2550\u2550\u2550\u2550\u2550\u2550\u2550\u2550\u2550\u2550\u2550\u2550\u2550\u2550\u2550\u2550\u2550\u2550", "timestamp": "2025-11-11T03:41:11.857426", "level": "INFO", "logger": "ms_ml_despacho"}
{"message": "Starting Flask server on 0.0.0.0:5000", "timestamp": "2025-11-11T03:41:11.858486", "level": "INFO", "logger": "ms_ml_despacho"}
{"message": "Creating Flask app in production mode", "timestamp": "2025-11-11T03:42:34.027785", "level": "INFO", "logger": "ms_ml_despacho"}
{"message": "Registering Dispatch Assignment routes...", "timestamp": "2025-11-11T03:42:34.028112", "level": "INFO", "logger": "ms_ml_despacho"}
{"message": "\u2713 Dispatch Assignment routes registered successfully", "timestamp": "2025-11-11T03:42:34.029532", "level": "INFO", "logger": "ms_ml_despacho"}
{"message": "Attempting to register original services...", "timestamp": "2025-11-11T03:42:34.029665", "level": "INFO", "logger": "ms_ml_despacho"}
{"message": "\u26a0 Some original services not available: attempted relative import beyond top-level package", "timestamp": "2025-11-11T03:42:34.030375", "level": "WARNING", "logger": "ms_ml_despacho"}
{"message": "\u2550\u2550\u2550\u2550\u2550\u2550\u2550\u2550\u2550\u2550\u2550\u2550\u2550\u2550\u2550\u2550\u2550\u2550\u2550\u2550\u2550\u2550\u2550\u2550\u2550\u2550\u2550\u2550\u2550\u2550\u2550\u2550\u2550\u2550\u2550\u2550\u2550\u2550\u2550\u2550\u2550\u2550\u2550\u2550\u2550\u2550\u2550\u2550\u2550\u2550\u2550\u2550\u2550\u2550\u2550", "timestamp": "2025-11-11T03:42:34.030497", "level": "INFO", "logger": "ms_ml_despacho"}
{"message": "Routes registered successfully", "timestamp": "2025-11-11T03:42:34.030713", "level": "INFO", "logger": "ms_ml_despacho"}
{"message": "\u2713 Dispatch Assignment API available at /api/v1/dispatch", "timestamp": "2025-11-11T03:42:34.030937", "level": "INFO", "logger": "ms_ml_despacho"}
{"message": "\u2713 Health check at /api/v1/dispatch/health", "timestamp": "2025-11-11T03:42:34.031172", "level": "INFO", "logger": "ms_ml_despacho"}
{"message": "\u2550\u2550\u2550\u2550\u2550\u2550\u2550\u2550\u2550\u2550\u2550\u2550\u2550\u2550\u2550\u2550\u2550\u2550\u2550\u2550\u2550\u2550\u2550\u2550\u2550\u2550\u2550\u2550\u2550\u2550\u2550\u2550\u2550\u2550\u2550\u2550\u2550\u2550\u2550\u2550\u2550\u2550\u2550\u2550\u2550\u2550\u2550\u2550\u2550\u2550\u2550\u2550\u2550\u2550\u2550", "timestamp": "2025-11-11T03:42:34.031363", "level": "INFO", "logger": "ms_ml_despacho"}
{"message": "Starting Flask server on 0.0.0.0:5000", "timestamp": "2025-11-11T03:42:34.032224", "level": "INFO", "logger": "ms_ml_despacho"}
{"message": "Creating Flask app in production mode", "timestamp": "2025-11-11T03:56:13.596739", "level": "INFO", "logger": "ms_ml_despacho"}
{"message": "Registering Dispatch Assignment routes...", "timestamp": "2025-11-11T03:56:13.597071", "level": "INFO", "logger": "ms_ml_despacho"}
{"message": "\u2713 Dispatch Assignment routes registered successfully", "timestamp": "2025-11-11T03:56:13.599411", "level": "INFO", "logger": "ms_ml_despacho"}
{"message": "Attempting to register original services...", "timestamp": "2025-11-11T03:56:13.599539", "level": "INFO", "logger": "ms_ml_despacho"}
{"message": "\u26a0 Some original services not available: attempted relative import beyond top-level package", "timestamp": "2025-11-11T03:56:13.600725", "level": "WARNING", "logger": "ms_ml_despacho"}
{"message": "\u2550\u2550\u2550\u2550\u2550\u2550\u2550\u2550\u2550\u2550\u2550\u2550\u2550\u2550\u2550\u2550\u2550\u2550\u2550\u2550\u2550\u2550\u2550\u2550\u2550\u2550\u2550\u2550\u2550\u2550\u2550\u2550\u2550\u2550\u2550\u2550\u2550\u2550\u2550\u2550\u2550\u2550\u2550\u2550\u2550\u2550\u2550\u2550\u2550\u2550\u2550\u2550\u2550\u2550\u2550", "timestamp": "2025-11-11T03:56:13.600889", "level": "INFO", "logger": "ms_ml_despacho"}
{"message": "Routes registered successfully", "timestamp": "2025-11-11T03:56:13.601015", "level": "INFO", "logger": "ms_ml_despacho"}
{"message": "\u2713 Dispatch Assignment API available at /api/v1/dispatch", "timestamp": "2025-11-11T03:56:13.601111", "level": "INFO", "logger": "ms_ml_despacho"}
{"message": "\u2713 Health check at /api/v1/dispatch/health", "timestamp": "2025-11-11T03:56:13.601270", "level": "INFO", "logger": "ms_ml_despacho"}
{"message": "\u2550\u2550\u2550\u2550\u2550\u2550\u2550\u2550\u2550\u2550\u2550\u2550\u2550\u2550\u2550\u2550\u2550\u2550\u2550\u2550\u2550\u2550\u2550\u2550\u2550\u2550\u2550\u2550\u2550\u2550\u2550\u2550\u2550\u2550\u2550\u2550\u2550\u2550\u2550\u2550\u2550\u2550\u2550\u2550\u2550\u2550\u2550\u2550\u2550\u2550\u2550\u2550\u2550\u2550\u2550", "timestamp": "2025-11-11T03:56:13.601371", "level": "INFO", "logger": "ms_ml_despacho"}
{"message": "Starting Flask server on 0.0.0.0:5000", "timestamp": "2025-11-11T03:56:13.602585", "level": "INFO", "logger": "ms_ml_despacho"}
{"message": "Creating Flask app in production mode", "timestamp": "2025-11-11T03:57:26.298933", "level": "INFO", "logger": "ms_ml_despacho"}
{"message": "Registering Dispatch Assignment routes...", "timestamp": "2025-11-11T03:57:26.299182", "level": "INFO", "logger": "ms_ml_despacho"}
{"message": "\u2713 Dispatch Assignment routes registered successfully", "timestamp": "2025-11-11T03:57:26.304107", "level": "INFO", "logger": "ms_ml_despacho"}
{"message": "Attempting to register original services...", "timestamp": "2025-11-11T03:57:26.304232", "level": "INFO", "logger": "ms_ml_despacho"}
{"message": "\u26a0 Some original services not available: attempted relative import beyond top-level package", "timestamp": "2025-11-11T03:57:26.305355", "level": "WARNING", "logger": "ms_ml_despacho"}
{"message": "\u2550\u2550\u2550\u2550\u2550\u2550\u2550\u2550\u2550\u2550\u2550\u2550\u2550\u2550\u2550\u2550\u2550\u2550\u2550\u2550\u2550\u2550\u2550\u2550\u2550\u2550\u2550\u2550\u2550\u2550\u2550\u2550\u2550\u2550\u2550\u2550\u2550\u2550\u2550\u2550\u2550\u2550\u2550\u2550\u2550\u2550\u2550\u2550\u2550\u2550\u2550\u2550\u2550\u2550\u2550", "timestamp": "2025-11-11T03:57:26.305513", "level": "INFO", "logger": "ms_ml_despacho"}
{"message": "Routes registered successfully", "timestamp": "2025-11-11T03:57:26.305602", "level": "INFO", "logger": "ms_ml_despacho"}
{"message": "\u2713 Dispatch Assignment API available at /api/v1/dispatch", "timestamp": "2025-11-11T03:57:26.305689", "level": "INFO", "logger": "ms_ml_despacho"}
{"message": "\u2713 Health check at /api/v1/dispatch/health", "timestamp": "2025-11-11T03:57:26.305779", "level": "INFO", "logger": "ms_ml_despacho"}
{"message": "\u2550\u2550\u2550\u2550\u2550\u2550\u2550\u2550\u2550\u2550\u2550\u2550\u2550\u2550\u2550\u2550\u2550\u2550\u2550\u2550\u2550\u2550\u2550\u2550\u2550\u2550\u2550\u2550\u2550\u2550\u2550\u2550\u2550\u2550\u2550\u2550\u2550\u2550\u2550\u2550\u2550\u2550\u2550\u2550\u2550\u2550\u2550\u2550\u2550\u2550\u2550\u2550\u2550\u2550\u2550", "timestamp": "2025-11-11T03:57:26.305878", "level": "INFO", "logger": "ms_ml_despacho"}
{"message": "Starting Flask server on 0.0.0.0:5000", "timestamp": "2025-11-11T03:57:26.307013", "level": "INFO", "logger": "ms_ml_despacho"}
{"message": "Creating Flask app in production mode", "timestamp": "2025-11-11T03:58:00.197590", "level": "INFO", "logger": "ms_ml_despacho"}
{"message": "Registering Dispatch Assignment routes...", "timestamp": "2025-11-11T03:58:00.197777", "level": "INFO", "logger": "ms_ml_despacho"}
{"message": "\u2713 Dispatch Assignment routes registered successfully", "timestamp": "2025-11-11T03:58:00.200426", "level": "INFO", "logger": "ms_ml_despacho"}
{"message": "Attempting to register original services...", "timestamp": "2025-11-11T03:58:00.200543", "level": "INFO", "logger": "ms_ml_despacho"}
{"message": "\u26a0 Some original services not available: attempted relative import beyond top-level package", "timestamp": "2025-11-11T03:58:00.201632", "level": "WARNING", "logger": "ms_ml_despacho"}
{"message": "\u2550\u2550\u2550\u2550\u2550\u2550\u2550\u2550\u2550\u2550\u2550\u2550\u2550\u2550\u2550\u2550\u2550\u2550\u2550\u2550\u2550\u2550\u2550\u2550\u2550\u2550\u2550\u2550\u2550\u2550\u2550\u2550\u2550\u2550\u2550\u2550\u2550\u2550\u2550\u2550\u2550\u2550\u2550\u2550\u2550\u2550\u2550\u2550\u2550\u2550\u2550\u2550\u2550\u2550\u2550", "timestamp": "2025-11-11T03:58:00.201792", "level": "INFO", "logger": "ms_ml_despacho"}
{"message": "Routes registered successfully", "timestamp": "2025-11-11T03:58:00.201976", "level": "INFO", "logger": "ms_ml_despacho"}
{"message": "\u2713 Dispatch Assignment API available at /api/v1/dispatch", "timestamp": "2025-11-11T03:58:00.202081", "level": "INFO", "logger": "ms_ml_despacho"}
{"message": "\u2713 Health check at /api/v1/dispatch/health", "timestamp": "2025-11-11T03:58:00.202172", "level": "INFO", "logger": "ms_ml_despacho"}
{"message": "\u2550\u2550\u2550\u2550\u2550\u2550\u2550\u2550\u2550\u2550\u2550\u2550\u2550\u2550\u2550\u2550\u2550\u2550\u2550\u2550\u2550\u2550\u2550\u2550\u2550\u2550\u2550\u2550\u2550\u2550\u2550\u2550\u2550\u2550\u2550\u2550\u2550\u2550\u2550\u2550\u2550\u2550\u2550\u2550\u2550\u2550\u2550\u2550\u2550\u2550\u2550\u2550\u2550\u2550\u2550", "timestamp": "2025-11-11T03:58:00.202267", "level": "INFO", "logger": "ms_ml_despacho"}
{"message": "Starting Flask server on 0.0.0.0:5000", "timestamp": "2025-11-11T03:58:00.203395", "level": "INFO", "logger": "ms_ml_despacho"}
{"message": "Creating Flask app in production mode", "timestamp": "2025-11-11T03:58:51.110521", "level": "INFO", "logger": "ms_ml_despacho"}
{"message": "Registering Dispatch Assignment routes...", "timestamp": "2025-11-11T03:58:51.110746", "level": "INFO", "logger": "ms_ml_despacho"}
{"message": "\u2713 Dispatch Assignment routes registered successfully", "timestamp": "2025-11-11T03:58:51.112342", "level": "INFO", "logger": "ms_ml_despacho"}
{"message": "Attempting to register original services...", "timestamp": "2025-11-11T03:58:51.112412", "level": "INFO", "logger": "ms_ml_despacho"}
{"message": "\u26a0 Some original services not available: attempted relative import beyond top-level package", "timestamp": "2025-11-11T03:58:51.113045", "level": "WARNING", "logger": "ms_ml_despacho"}
{"message": "\u2550\u2550\u2550\u2550\u2550\u2550\u2550\u2550\u2550\u2550\u2550\u2550\u2550\u2550\u2550\u2550\u2550\u2550\u2550\u2550\u2550\u2550\u2550\u2550\u2550\u2550\u2550\u2550\u2550\u2550\u2550\u2550\u2550\u2550\u2550\u2550\u2550\u2550\u2550\u2550\u2550\u2550\u2550\u2550\u2550\u2550\u2550\u2550\u2550\u2550\u2550\u2550\u2550\u2550\u2550", "timestamp": "2025-11-11T03:58:51.113149", "level": "INFO", "logger": "ms_ml_despacho"}
{"message": "Routes registered successfully", "timestamp": "2025-11-11T03:58:51.113228", "level": "INFO", "logger": "ms_ml_despacho"}
{"message": "\u2713 Dispatch Assignment API available at /api/v1/dispatch", "timestamp": "2025-11-11T03:58:51.113283", "level": "INFO", "logger": "ms_ml_despacho"}
{"message": "\u2713 Health check at /api/v1/dispatch/health", "timestamp": "2025-11-11T03:58:51.113337", "level": "INFO", "logger": "ms_ml_despacho"}
{"message": "\u2550\u2550\u2550\u2550\u2550\u2550\u2550\u2550\u2550\u2550\u2550\u2550\u2550\u2550\u2550\u2550\u2550\u2550\u2550\u2550\u2550\u2550\u2550\u2550\u2550\u2550\u2550\u2550\u2550\u2550\u2550\u2550\u2550\u2550\u2550\u2550\u2550\u2550\u2550\u2550\u2550\u2550\u2550\u2550\u2550\u2550\u2550\u2550\u2550\u2550\u2550\u2550\u2550\u2550\u2550", "timestamp": "2025-11-11T03:58:51.113518", "level": "INFO", "logger": "ms_ml_despacho"}
{"message": "Starting Flask server on 0.0.0.0:5000", "timestamp": "2025-11-11T03:58:51.114636", "level": "INFO", "logger": "ms_ml_despacho"}
{"message": "Creating Flask app in production mode", "timestamp": "2025-11-11T03:59:05.672127", "level": "INFO", "logger": "ms_ml_despacho"}
{"message": "Registering Dispatch Assignment routes...", "timestamp": "2025-11-11T03:59:05.672311", "level": "INFO", "logger": "ms_ml_despacho"}
{"message": "\u2713 Dispatch Assignment routes registered successfully", "timestamp": "2025-11-11T03:59:05.673875", "level": "INFO", "logger": "ms_ml_despacho"}
{"message": "Attempting to register original services...", "timestamp": "2025-11-11T03:59:05.673948", "level": "INFO", "logger": "ms_ml_despacho"}
{"message": "\u26a0 Some original services not available: attempted relative import beyond top-level package", "timestamp": "2025-11-11T03:59:05.674703", "level": "WARNING", "logger": "ms_ml_despacho"}
{"message": "\u2550\u2550\u2550\u2550\u2550\u2550\u2550\u2550\u2550\u2550\u2550\u2550\u2550\u2550\u2550\u2550\u2550\u2550\u2550\u2550\u2550\u2550\u2550\u2550\u2550\u2550\u2550\u2550\u2550\u2550\u2550\u2550\u2550\u2550\u2550\u2550\u2550\u2550\u2550\u2550\u2550\u2550\u2550\u2550\u2550\u2550\u2550\u2550\u2550\u2550\u2550\u2550\u2550\u2550\u2550", "timestamp": "2025-11-11T03:59:05.674785", "level": "INFO", "logger": "ms_ml_despacho"}
{"message": "Routes registered successfully", "timestamp": "2025-11-11T03:59:05.674841", "level": "INFO", "logger": "ms_ml_despacho"}
{"message": "\u2713 Dispatch Assignment API available at /api/v1/dispatch", "timestamp": "2025-11-11T03:59:05.674890", "level": "INFO", "logger": "ms_ml_despacho"}
{"message": "\u2713 Health check at /api/v1/dispatch/health", "timestamp": "2025-11-11T03:59:05.674939", "level": "INFO", "logger": "ms_ml_despacho"}
{"message": "\u2550\u2550\u2550\u2550\u2550\u2550\u2550\u2550\u2550\u2550\u2550\u2550\u2550\u2550\u2550\u2550\u2550\u2550\u2550\u2550\u2550\u2550\u2550\u2550\u2550\u2550\u2550\u2550\u2550\u2550\u2550\u2550\u2550\u2550\u2550\u2550\u2550\u2550\u2550\u2550\u2550\u2550\u2550\u2550\u2550\u2550\u2550\u2550\u2550\u2550\u2550\u2550\u2550\u2550\u2550", "timestamp": "2025-11-11T03:59:05.674993", "level": "INFO", "logger": "ms_ml_despacho"}
{"message": "Starting Flask server on 0.0.0.0:5000", "timestamp": "2025-11-11T03:59:05.675722", "level": "INFO", "logger": "ms_ml_despacho"}
{"message": "Creating Flask app in production mode", "timestamp": "2025-11-11T03:59:53.301465", "level": "INFO", "logger": "ms_ml_despacho"}
{"message": "Registering Dispatch Assignment routes...", "timestamp": "2025-11-11T03:59:53.301781", "level": "INFO", "logger": "ms_ml_despacho"}
{"message": "\u2713 Dispatch Assignment routes registered successfully", "timestamp": "2025-11-11T03:59:53.307396", "level": "INFO", "logger": "ms_ml_despacho"}
{"message": "Attempting to register original services...", "timestamp": "2025-11-11T03:59:53.307525", "level": "INFO", "logger": "ms_ml_despacho"}
{"message": "\u26a0 Some original services not available: attempted relative import beyond top-level package", "timestamp": "2025-11-11T03:59:53.315269", "level": "WARNING", "logger": "ms_ml_despacho"}
{"message": "\u2550\u2550\u2550\u2550\u2550\u2550\u2550\u2550\u2550\u2550\u2550\u2550\u2550\u2550\u2550\u2550\u2550\u2550\u2550\u2550\u2550\u2550\u2550\u2550\u2550\u2550\u2550\u2550\u2550\u2550\u2550\u2550\u2550\u2550\u2550\u2550\u2550\u2550\u2550\u2550\u2550\u2550\u2550\u2550\u2550\u2550\u2550\u2550\u2550\u2550\u2550\u2550\u2550\u2550\u2550", "timestamp": "2025-11-11T03:59:53.315490", "level": "INFO", "logger": "ms_ml_despacho"}
{"message": "Routes registered successfully", "timestamp": "2025-11-11T03:59:53.315601", "level": "INFO", "logger": "ms_ml_despacho"}
{"message": "\u2713 Dispatch Assignment API available at /api/v1/dispatch", "timestamp": "2025-11-11T03:59:53.315702", "level": "INFO", "logger": "ms_ml_despacho"}
{"message": "\u2713 Health check at /api/v1/dispatch/health", "timestamp": "2025-11-11T03:59:53.315792", "level": "INFO", "logger": "ms_ml_despacho"}
{"message": "\u2550\u2550\u2550\u2550\u2550\u2550\u2550\u2550\u2550\u2550\u2550\u2550\u2550\u2550\u2550\u2550\u2550\u2550\u2550\u2550\u2550\u2550\u2550\u2550\u2550\u2550\u2550\u2550\u2550\u2550\u2550\u2550\u2550\u2550\u2550\u2550\u2550\u2550\u2550\u2550\u2550\u2550\u2550\u2550\u2550\u2550\u2550\u2550\u2550\u2550\u2550\u2550\u2550\u2550\u2550", "timestamp": "2025-11-11T03:59:53.315888", "level": "INFO", "logger": "ms_ml_despacho"}
{"message": "Starting Flask server on 0.0.0.0:5000", "timestamp": "2025-11-11T03:59:53.317162", "level": "INFO", "logger": "ms_ml_despacho"}
{"message": "Creating Flask app in production mode", "timestamp": "2025-11-11T04:00:49.207752", "level": "INFO", "logger": "ms_ml_despacho"}
{"message": "Registering Dispatch Assignment routes...", "timestamp": "2025-11-11T04:00:49.207966", "level": "INFO", "logger": "ms_ml_despacho"}
{"message": "\u2713 Dispatch Assignment routes registered successfully", "timestamp": "2025-11-11T04:00:49.209988", "level": "INFO", "logger": "ms_ml_despacho"}
{"message": "Attempting to register original services...", "timestamp": "2025-11-11T04:00:49.210069", "level": "INFO", "logger": "ms_ml_despacho"}
{"message": "\u26a0 Some original services not available: attempted relative import beyond top-level package", "timestamp": "2025-11-11T04:00:49.210962", "level": "WARNING", "logger": "ms_ml_despacho"}
{"message": "\u2550\u2550\u2550\u2550\u2550\u2550\u2550\u2550\u2550\u2550\u2550\u2550\u2550\u2550\u2550\u2550\u2550\u2550\u2550\u2550\u2550\u2550\u2550\u2550\u2550\u2550\u2550\u2550\u2550\u2550\u2550\u2550\u2550\u2550\u2550\u2550\u2550\u2550\u2550\u2550\u2550\u2550\u2550\u2550\u2550\u2550\u2550\u2550\u2550\u2550\u2550\u2550\u2550\u2550\u2550", "timestamp": "2025-11-11T04:00:49.211130", "level": "INFO", "logger": "ms_ml_despacho"}
{"message": "Routes registered successfully", "timestamp": "2025-11-11T04:00:49.211235", "level": "INFO", "logger": "ms_ml_despacho"}
{"message": "\u2713 Dispatch Assignment API available at /api/v1/dispatch", "timestamp": "2025-11-11T04:00:49.211315", "level": "INFO", "logger": "ms_ml_despacho"}
{"message": "\u2713 Health check at /api/v1/dispatch/health", "timestamp": "2025-11-11T04:00:49.211408", "level": "INFO", "logger": "ms_ml_despacho"}
{"message": "\u2550\u2550\u2550\u2550\u2550\u2550\u2550\u2550\u2550\u2550\u2550\u2550\u2550\u2550\u2550\u2550\u2550\u2550\u2550\u2550\u2550\u2550\u2550\u2550\u2550\u2550\u2550\u2550\u2550\u2550\u2550\u2550\u2550\u2550\u2550\u2550\u2550\u2550\u2550\u2550\u2550\u2550\u2550\u2550\u2550\u2550\u2550\u2550\u2550\u2550\u2550\u2550\u2550\u2550\u2550", "timestamp": "2025-11-11T04:00:49.211504", "level": "INFO", "logger": "ms_ml_despacho"}
{"message": "Starting Flask server on 0.0.0.0:5000", "timestamp": "2025-11-11T04:00:49.213082", "level": "INFO", "logger": "ms_ml_despacho"}
{"message": "Creating Flask app in production mode", "timestamp": "2025-11-11T04:02:28.251655", "level": "INFO", "logger": "ms_ml_despacho"}
{"message": "Registering Dispatch Assignment routes...", "timestamp": "2025-11-11T04:02:28.251974", "level": "INFO", "logger": "ms_ml_despacho"}
{"message": "\u2713 Dispatch Assignment routes registered successfully", "timestamp": "2025-11-11T04:02:28.254871", "level": "INFO", "logger": "ms_ml_despacho"}
{"message": "Attempting to register original services...", "timestamp": "2025-11-11T04:02:28.255015", "level": "INFO", "logger": "ms_ml_despacho"}
{"message": "\u26a0 Some original services not available: attempted relative import beyond top-level package", "timestamp": "2025-11-11T04:02:28.256453", "level": "WARNING", "logger": "ms_ml_despacho"}
{"message": "\u2550\u2550\u2550\u2550\u2550\u2550\u2550\u2550\u2550\u2550\u2550\u2550\u2550\u2550\u2550\u2550\u2550\u2550\u2550\u2550\u2550\u2550\u2550\u2550\u2550\u2550\u2550\u2550\u2550\u2550\u2550\u2550\u2550\u2550\u2550\u2550\u2550\u2550\u2550\u2550\u2550\u2550\u2550\u2550\u2550\u2550\u2550\u2550\u2550\u2550\u2550\u2550\u2550\u2550\u2550", "timestamp": "2025-11-11T04:02:28.256618", "level": "INFO", "logger": "ms_ml_despacho"}
{"message": "Routes registered successfully", "timestamp": "2025-11-11T04:02:28.256721", "level": "INFO", "logger": "ms_ml_despacho"}
{"message": "\u2713 Dispatch Assignment API available at /api/v1/dispatch", "timestamp": "2025-11-11T04:02:28.256816", "level": "INFO", "logger": "ms_ml_despacho"}
{"message": "\u2713 Health check at /api/v1/dispatch/health", "timestamp": "2025-11-11T04:02:28.256909", "level": "INFO", "logger": "ms_ml_despacho"}
{"message": "\nAll registered routes:", "timestamp": "2025-11-11T04:02:28.257000", "level": "INFO", "logger": "ms_ml_despacho"}
{"message": "  /static/<path:filename>                                      [GET]", "timestamp": "2025-11-11T04:02:28.257187", "level": "INFO", "logger": "ms_ml_despacho"}
{"message": "  /api/v1/dispatch/health                                      [GET]", "timestamp": "2025-11-11T04:02:28.257389", "level": "INFO", "logger": "ms_ml_despacho"}
{"message": "  /api/v1/dispatch/test                                        [GET]", "timestamp": "2025-11-11T04:02:28.257599", "level": "INFO", "logger": "ms_ml_despacho"}
{"message": "  /api/v1/dispatch/assign                                      [POST]", "timestamp": "2025-11-11T04:02:28.257719", "level": "INFO", "logger": "ms_ml_despacho"}
{"message": "\u2550\u2550\u2550\u2550\u2550\u2550\u2550\u2550\u2550\u2550\u2550\u2550\u2550\u2550\u2550\u2550\u2550\u2550\u2550\u2550\u2550\u2550\u2550\u2550\u2550\u2550\u2550\u2550\u2550\u2550\u2550\u2550\u2550\u2550\u2550\u2550\u2550\u2550\u2550\u2550\u2550\u2550\u2550\u2550\u2550\u2550\u2550\u2550\u2550\u2550\u2550\u2550\u2550\u2550\u2550", "timestamp": "2025-11-11T04:02:28.257837", "level": "INFO", "logger": "ms_ml_despacho"}
{"message": "Starting Flask server on 0.0.0.0:5000", "timestamp": "2025-11-11T04:02:28.259910", "level": "INFO", "logger": "ms_ml_despacho"}
{"message": "Creating Flask app in production mode", "timestamp": "2025-11-11T04:02:45.291495", "level": "INFO", "logger": "ms_ml_despacho"}
{"message": "Registering Dispatch Assignment routes...", "timestamp": "2025-11-11T04:02:45.291820", "level": "INFO", "logger": "ms_ml_despacho"}
{"message": "\u2713 Dispatch Assignment routes registered successfully", "timestamp": "2025-11-11T04:02:45.294970", "level": "INFO", "logger": "ms_ml_despacho"}
{"message": "Attempting to register original services...", "timestamp": "2025-11-11T04:02:45.295095", "level": "INFO", "logger": "ms_ml_despacho"}
{"message": "\u26a0 Some original services not available: attempted relative import beyond top-level package", "timestamp": "2025-11-11T04:02:45.296350", "level": "WARNING", "logger": "ms_ml_despacho"}
{"message": "\u2550\u2550\u2550\u2550\u2550\u2550\u2550\u2550\u2550\u2550\u2550\u2550\u2550\u2550\u2550\u2550\u2550\u2550\u2550\u2550\u2550\u2550\u2550\u2550\u2550\u2550\u2550\u2550\u2550\u2550\u2550\u2550\u2550\u2550\u2550\u2550\u2550\u2550\u2550\u2550\u2550\u2550\u2550\u2550\u2550\u2550\u2550\u2550\u2550\u2550\u2550\u2550\u2550\u2550\u2550", "timestamp": "2025-11-11T04:02:45.296503", "level": "INFO", "logger": "ms_ml_despacho"}
{"message": "Routes registered successfully", "timestamp": "2025-11-11T04:02:45.296609", "level": "INFO", "logger": "ms_ml_despacho"}
{"message": "\u2713 Dispatch Assignment API available at /api/v1/dispatch", "timestamp": "2025-11-11T04:02:45.296708", "level": "INFO", "logger": "ms_ml_despacho"}
{"message": "\u2713 Health check at /api/v1/dispatch/health", "timestamp": "2025-11-11T04:02:45.296826", "level": "INFO", "logger": "ms_ml_despacho"}
{"message": "\nAll registered routes:", "timestamp": "2025-11-11T04:02:45.296938", "level": "INFO", "logger": "ms_ml_despacho"}
{"message": "  /static/<path:filename>                                      [GET]", "timestamp": "2025-11-11T04:02:45.297114", "level": "INFO", "logger": "ms_ml_despacho"}
{"message": "  /api/v1/dispatch/health                                      [GET]", "timestamp": "2025-11-11T04:02:45.297223", "level": "INFO", "logger": "ms_ml_despacho"}
{"message": "  /api/v1/dispatch/test                                        [GET]", "timestamp": "2025-11-11T04:02:45.297317", "level": "INFO", "logger": "ms_ml_despacho"}
{"message": "  /api/v1/dispatch/assign                                      [POST]", "timestamp": "2025-11-11T04:02:45.297421", "level": "INFO", "logger": "ms_ml_despacho"}
{"message": "\u2550\u2550\u2550\u2550\u2550\u2550\u2550\u2550\u2550\u2550\u2550\u2550\u2550\u2550\u2550\u2550\u2550\u2550\u2550\u2550\u2550\u2550\u2550\u2550\u2550\u2550\u2550\u2550\u2550\u2550\u2550\u2550\u2550\u2550\u2550\u2550\u2550\u2550\u2550\u2550\u2550\u2550\u2550\u2550\u2550\u2550\u2550\u2550\u2550\u2550\u2550\u2550\u2550\u2550\u2550", "timestamp": "2025-11-11T04:02:45.297535", "level": "INFO", "logger": "ms_ml_despacho"}
{"message": "Starting Flask server on 0.0.0.0:5000", "timestamp": "2025-11-11T04:02:45.299282", "level": "INFO", "logger": "ms_ml_despacho"}
{"message": "Creating Flask app in production mode", "timestamp": "2025-11-11T04:04:39.607828", "level": "INFO", "logger": "ms_ml_despacho"}
{"message": "Registering Dispatch Assignment routes...", "timestamp": "2025-11-11T04:04:39.608111", "level": "INFO", "logger": "ms_ml_despacho"}
{"message": "\u2713 Dispatch Assignment routes registered successfully", "timestamp": "2025-11-11T04:04:39.611097", "level": "INFO", "logger": "ms_ml_despacho"}
{"message": "Attempting to register original services...", "timestamp": "2025-11-11T04:04:39.611234", "level": "INFO", "logger": "ms_ml_despacho"}
{"message": "\u26a0 Some original services not available: attempted relative import beyond top-level package", "timestamp": "2025-11-11T04:04:39.612489", "level": "WARNING", "logger": "ms_ml_despacho"}
{"message": "\u2550\u2550\u2550\u2550\u2550\u2550\u2550\u2550\u2550\u2550\u2550\u2550\u2550\u2550\u2550\u2550\u2550\u2550\u2550\u2550\u2550\u2550\u2550\u2550\u2550\u2550\u2550\u2550\u2550\u2550\u2550\u2550\u2550\u2550\u2550\u2550\u2550\u2550\u2550\u2550\u2550\u2550\u2550\u2550\u2550\u2550\u2550\u2550\u2550\u2550\u2550\u2550\u2550\u2550\u2550", "timestamp": "2025-11-11T04:04:39.612662", "level": "INFO", "logger": "ms_ml_despacho"}
{"message": "Routes registered successfully", "timestamp": "2025-11-11T04:04:39.612759", "level": "INFO", "logger": "ms_ml_despacho"}
{"message": "\u2713 Dispatch Assignment API available at /api/v1/dispatch", "timestamp": "2025-11-11T04:04:39.612842", "level": "INFO", "logger": "ms_ml_despacho"}
{"message": "\u2713 Health check at /api/v1/dispatch/health", "timestamp": "2025-11-11T04:04:39.612928", "level": "INFO", "logger": "ms_ml_despacho"}
{"message": "\nAll registered routes:", "timestamp": "2025-11-11T04:04:39.613030", "level": "INFO", "logger": "ms_ml_despacho"}
{"message": "  /static/<path:filename>                                      [GET]", "timestamp": "2025-11-11T04:04:39.613171", "level": "INFO", "logger": "ms_ml_despacho"}
{"message": "  /api/v1/dispatch/health                                      [GET]", "timestamp": "2025-11-11T04:04:39.613263", "level": "INFO", "logger": "ms_ml_despacho"}
{"message": "  /api/v1/dispatch/test                                        [GET]", "timestamp": "2025-11-11T04:04:39.613343", "level": "INFO", "logger": "ms_ml_despacho"}
{"message": "  /api/v1/dispatch/assign                                      [POST]", "timestamp": "2025-11-11T04:04:39.613433", "level": "INFO", "logger": "ms_ml_despacho"}
{"message": "\u2550\u2550\u2550\u2550\u2550\u2550\u2550\u2550\u2550\u2550\u2550\u2550\u2550\u2550\u2550\u2550\u2550\u2550\u2550\u2550\u2550\u2550\u2550\u2550\u2550\u2550\u2550\u2550\u2550\u2550\u2550\u2550\u2550\u2550\u2550\u2550\u2550\u2550\u2550\u2550\u2550\u2550\u2550\u2550\u2550\u2550\u2550\u2550\u2550\u2550\u2550\u2550\u2550\u2550\u2550", "timestamp": "2025-11-11T04:04:39.613542", "level": "INFO", "logger": "ms_ml_despacho"}
{"message": "Starting Flask server on 0.0.0.0:5000", "timestamp": "2025-11-11T04:04:39.615466", "level": "INFO", "logger": "ms_ml_despacho"}
{"message": "Creating Flask app in production mode", "timestamp": "2025-11-11T04:05:43.616366", "level": "INFO", "logger": "ms_ml_despacho"}
{"message": "Registering Dispatch Assignment routes...", "timestamp": "2025-11-11T04:05:43.616707", "level": "INFO", "logger": "ms_ml_despacho"}
{"message": "\u2713 Dispatch Assignment routes registered successfully", "timestamp": "2025-11-11T04:05:43.619992", "level": "INFO", "logger": "ms_ml_despacho"}
{"message": "Attempting to register original services...", "timestamp": "2025-11-11T04:05:43.620137", "level": "INFO", "logger": "ms_ml_despacho"}
{"message": "\u26a0 Some original services not available: attempted relative import beyond top-level package", "timestamp": "2025-11-11T04:05:43.621341", "level": "WARNING", "logger": "ms_ml_despacho"}
{"message": "\u2550\u2550\u2550\u2550\u2550\u2550\u2550\u2550\u2550\u2550\u2550\u2550\u2550\u2550\u2550\u2550\u2550\u2550\u2550\u2550\u2550\u2550\u2550\u2550\u2550\u2550\u2550\u2550\u2550\u2550\u2550\u2550\u2550\u2550\u2550\u2550\u2550\u2550\u2550\u2550\u2550\u2550\u2550\u2550\u2550\u2550\u2550\u2550\u2550\u2550\u2550\u2550\u2550\u2550\u2550", "timestamp": "2025-11-11T04:05:43.621523", "level": "INFO", "logger": "ms_ml_despacho"}
{"message": "Routes registered successfully", "timestamp": "2025-11-11T04:05:43.621726", "level": "INFO", "logger": "ms_ml_despacho"}
{"message": "\u2713 Dispatch Assignment API available at /api/v1/dispatch", "timestamp": "2025-11-11T04:05:43.621834", "level": "INFO", "logger": "ms_ml_despacho"}
{"message": "\u2713 Health check at /api/v1/dispatch/health", "timestamp": "2025-11-11T04:05:43.621940", "level": "INFO", "logger": "ms_ml_despacho"}
{"message": "\nAll registered routes:", "timestamp": "2025-11-11T04:05:43.622041", "level": "INFO", "logger": "ms_ml_despacho"}
{"message": "  /static/<path:filename>                                      [GET]", "timestamp": "2025-11-11T04:05:43.622196", "level": "INFO", "logger": "ms_ml_despacho"}
{"message": "  /api/v1/dispatch/health                                      [GET]", "timestamp": "2025-11-11T04:05:43.622300", "level": "INFO", "logger": "ms_ml_despacho"}
{"message": "  /api/v1/dispatch/test                                        [GET]", "timestamp": "2025-11-11T04:05:43.622398", "level": "INFO", "logger": "ms_ml_despacho"}
{"message": "  /api/v1/dispatch/assign                                      [POST]", "timestamp": "2025-11-11T04:05:43.622510", "level": "INFO", "logger": "ms_ml_despacho"}
{"message": "\u2550\u2550\u2550\u2550\u2550\u2550\u2550\u2550\u2550\u2550\u2550\u2550\u2550\u2550\u2550\u2550\u2550\u2550\u2550\u2550\u2550\u2550\u2550\u2550\u2550\u2550\u2550\u2550\u2550\u2550\u2550\u2550\u2550\u2550\u2550\u2550\u2550\u2550\u2550\u2550\u2550\u2550\u2550\u2550\u2550\u2550\u2550\u2550\u2550\u2550\u2550\u2550\u2550\u2550\u2550", "timestamp": "2025-11-11T04:05:43.622607", "level": "INFO", "logger": "ms_ml_despacho"}
{"message": "Starting Flask server on 0.0.0.0:5000", "timestamp": "2025-11-11T04:05:43.624999", "level": "INFO", "logger": "ms_ml_despacho"}
{"message": "Creating Flask app in production mode", "timestamp": "2025-11-11T04:11:40.903260", "level": "INFO", "logger": "ms_ml_despacho"}
{"message": "Registering Dispatch Assignment routes...", "timestamp": "2025-11-11T04:11:40.903551", "level": "INFO", "logger": "ms_ml_despacho"}
{"message": "\u2713 Dispatch Assignment routes registered successfully", "timestamp": "2025-11-11T04:11:40.909149", "level": "INFO", "logger": "ms_ml_despacho"}
{"message": "Attempting to register original services...", "timestamp": "2025-11-11T04:11:40.909278", "level": "INFO", "logger": "ms_ml_despacho"}
{"message": "\u26a0 Some original services not available: attempted relative import beyond top-level package", "timestamp": "2025-11-11T04:11:40.916488", "level": "WARNING", "logger": "ms_ml_despacho"}
{"message": "\u2550\u2550\u2550\u2550\u2550\u2550\u2550\u2550\u2550\u2550\u2550\u2550\u2550\u2550\u2550\u2550\u2550\u2550\u2550\u2550\u2550\u2550\u2550\u2550\u2550\u2550\u2550\u2550\u2550\u2550\u2550\u2550\u2550\u2550\u2550\u2550\u2550\u2550\u2550\u2550\u2550\u2550\u2550\u2550\u2550\u2550\u2550\u2550\u2550\u2550\u2550\u2550\u2550\u2550\u2550", "timestamp": "2025-11-11T04:11:40.916671", "level": "INFO", "logger": "ms_ml_despacho"}
{"message": "Routes registered successfully", "timestamp": "2025-11-11T04:11:40.916780", "level": "INFO", "logger": "ms_ml_despacho"}
{"message": "\u2713 Dispatch Assignment API available at /api/v1/dispatch", "timestamp": "2025-11-11T04:11:40.916876", "level": "INFO", "logger": "ms_ml_despacho"}
{"message": "\u2713 Health check at /api/v1/dispatch/health", "timestamp": "2025-11-11T04:11:40.916972", "level": "INFO", "logger": "ms_ml_despacho"}
{"message": "\nAll registered routes:", "timestamp": "2025-11-11T04:11:40.917067", "level": "INFO", "logger": "ms_ml_despacho"}
{"message": "  /static/<path:filename>                                      [GET]", "timestamp": "2025-11-11T04:11:40.917218", "level": "INFO", "logger": "ms_ml_despacho"}
{"message": "  /api/v1/dispatch/health                                      [GET]", "timestamp": "2025-11-11T04:11:40.917380", "level": "INFO", "logger": "ms_ml_despacho"}
{"message": "  /api/v1/dispatch/test                                        [GET]", "timestamp": "2025-11-11T04:11:40.917480", "level": "INFO", "logger": "ms_ml_despacho"}
{"message": "  /api/v1/dispatch/assign                                      [POST]", "timestamp": "2025-11-11T04:11:40.917579", "level": "INFO", "logger": "ms_ml_despacho"}
{"message": "\u2550\u2550\u2550\u2550\u2550\u2550\u2550\u2550\u2550\u2550\u2550\u2550\u2550\u2550\u2550\u2550\u2550\u2550\u2550\u2550\u2550\u2550\u2550\u2550\u2550\u2550\u2550\u2550\u2550\u2550\u2550\u2550\u2550\u2550\u2550\u2550\u2550\u2550\u2550\u2550\u2550\u2550\u2550\u2550\u2550\u2550\u2550\u2550\u2550\u2550\u2550\u2550\u2550\u2550\u2550", "timestamp": "2025-11-11T04:11:40.917685", "level": "INFO", "logger": "ms_ml_despacho"}
{"message": "Starting Flask server on 0.0.0.0:5000", "timestamp": "2025-11-11T04:11:40.919998", "level": "INFO", "logger": "ms_ml_despacho"}
